<?xml version='1.0' encoding='utf-8'?>
<testsuites name="cocotb tests"><testsuite name="test_protocol_emulator" errors="0" failures="0" skipped="0" tests="12" time="0.131" timestamp="2026-09-22T01:37:30.149120+00:00" hostname="robb-pro"><testcase classname="test_protocol_emulator" name="test_reset_and_load_leaves_pins_cleared" time="0.003"><properties><property name="cocotb" value="True" /><property name="random_seed" value="1" /><property name="file" value="/Users/rwalters/GitHub/sg13cmos5l-protocol-emulator/.loom/worktrees/issue-18/verification/test_protocol_emulator.py" /><property name="line" value="157" /><property name="sim_time_unit" value="ns" /><property name="sim_time_start" value="0.0" /><property name="sim_time_stop" value="372.0" /><property name="sim_time_duration" value="372.0" /><property name="sim_time_ratio" value="106727.87268789668" /><property name="attachment" value="/Users/rwalters/GitHub/sg13cmos5l-protocol-emulator/.loom/worktrees/issue-18/verification/.klt/functional-verification/test_icarus.log" /></properties><system-out>[[ATTACHMENT|/Users/rwalters/GitHub/sg13cmos5l-protocol-emulator/.loom/worktrees/issue-18/verification/.klt/functional-verification/test_icarus.log]]
</system-out></testcase><testcase classname="test_protocol_emulator" name="test_ldi_mov_out_write_latency" time="0.006"><properties><property name="cocotb" value="True" /><property name="random_seed" value="1" /><property name="file" value="/Users/rwalters/GitHub/sg13cmos5l-protocol-emulator/.loom/worktrees/issue-18/verification/test_protocol_emulator.py" /><property name="line" value="180" /><property name="sim_time_unit" value="ns" /><property name="sim_time_start" value="372.001" /><property name="sim_time_stop" value="1523.001" /><property name="sim_time_duration" value="1151.0" /><property name="sim_time_ratio" value="184955.30681278594" /><property name="attachment" value="/Users/rwalters/GitHub/sg13cmos5l-protocol-emulator/.loom/worktrees/issue-18/verification/.klt/functional-verification/test_icarus.log" /></properties><system-out>[[ATTACHMENT|/Users/rwalters/GitHub/sg13cmos5l-protocol-emulator/.loom/worktrees/issue-18/verification/.klt/functional-verification/test_icarus.log]]
</system-out></testcase><testcase classname="test_protocol_emulator" name="test_alu_results_pin_observable" time="0.014"><properties><property name="cocotb" value="True" /><property name="random_seed" value="1" /><property name="file" value="/Users/rwalters/GitHub/sg13cmos5l-protocol-emulator/.loom/worktrees/issue-18/verification/test_protocol_emulator.py" /><property name="line" value="211" /><property name="sim_time_unit" value="ns" /><property name="sim_time_start" value="1523.002" /><property name="sim_time_stop" value="4544.002" /><property name="sim_time_duration" value="3021.0000000000005" /><property name="sim_time_ratio" value="221866.586279159" /><property name="attachment" value="/Users/rwalters/GitHub/sg13cmos5l-protocol-emulator/.loom/worktrees/issue-18/verification/.klt/functional-verification/test_icarus.log" /></properties><system-out>[[ATTACHMENT|/Users/rwalters/GitHub/sg13cmos5l-protocol-emulator/.loom/worktrees/issue-18/verification/.klt/functional-verification/test_icarus.log]]
</system-out></testcase><testcase classname="test_protocol_emulator" name="test_alu_flags_whitebox" time="0.021"><properties><property name="cocotb" value="True" /><property name="random_seed" value="1" /><property name="file" value="/Users/rwalters/GitHub/sg13cmos5l-protocol-emulator/.loom/worktrees/issue-18/verification/test_protocol_emulator.py" /><property name="line" value="250" /><property name="sim_time_unit" value="ns" /><property name="sim_time_start" value="4544.003" /><property name="sim_time_stop" value="8225.003" /><property name="sim_time_duration" value="3681.000000000001" /><property name="sim_time_ratio" value="171626.05868463853" /><property name="attachment" value="/Users/rwalters/GitHub/sg13cmos5l-protocol-emulator/.loom/worktrees/issue-18/verification/.klt/functional-verification/test_icarus.log" /></properties><system-out>[[ATTACHMENT|/Users/rwalters/GitHub/sg13cmos5l-protocol-emulator/.loom/worktrees/issue-18/verification/.klt/functional-verification/test_icarus.log]]
</system-out></testcase><testcase classname="test_protocol_emulator" name="test_shf_results_pin_observable" time="0.007"><properties><property name="cocotb" value="True" /><property name="random_seed" value="1" /><property name="file" value="/Users/rwalters/GitHub/sg13cmos5l-protocol-emulator/.loom/worktrees/issue-18/verification/test_protocol_emulator.py" /><property name="line" value="323" /><property name="sim_time_unit" value="ns" /><property name="sim_time_start" value="8225.004" /><property name="sim_time_stop" value="9546.004" /><property name="sim_time_duration" value="1321.0" /><property name="sim_time_ratio" value="191187.18227323884" /><property name="attachment" value="/Users/rwalters/GitHub/sg13cmos5l-protocol-emulator/.loom/worktrees/issue-18/verification/.klt/functional-verification/test_icarus.log" /></properties><system-out>[[ATTACHMENT|/Users/rwalters/GitHub/sg13cmos5l-protocol-emulator/.loom/worktrees/issue-18/verification/.klt/functional-verification/test_icarus.log]]
</system-out></testcase><testcase classname="test_protocol_emulator" name="test_in_ports_and_direction_noops" time="0.009"><properties><property name="cocotb" value="True" /><property name="random_seed" value="1" /><property name="file" value="/Users/rwalters/GitHub/sg13cmos5l-protocol-emulator/.loom/worktrees/issue-18/verification/test_protocol_emulator.py" /><property name="line" value="341" /><property name="sim_time_unit" value="ns" /><property name="sim_time_start" value="9546.005" /><property name="sim_time_stop" value="11357.005" /><property name="sim_time_duration" value="1811.0" /><property name="sim_time_ratio" value="192988.06529708623" /><property name="attachment" value="/Users/rwalters/GitHub/sg13cmos5l-protocol-emulator/.loom/worktrees/issue-18/verification/.klt/functional-verification/test_icarus.log" /></properties><system-out>[[ATTACHMENT|/Users/rwalters/GitHub/sg13cmos5l-protocol-emulator/.loom/worktrees/issue-18/verification/.klt/functional-verification/test_icarus.log]]
</system-out></testcase><testcase classname="test_protocol_emulator" name="test_out_port11_drives_uio_out_not_oe" time="0.019"><properties><property name="cocotb" value="True" /><property name="random_seed" value="1" /><property name="file" value="/Users/rwalters/GitHub/sg13cmos5l-protocol-emulator/.loom/worktrees/issue-18/verification/test_protocol_emulator.py" /><property name="line" value="377" /><property name="sim_time_unit" value="ns" /><property name="sim_time_start" value="11357.006" /><property name="sim_time_stop" value="11999.006" /><property name="sim_time_duration" value="642.0" /><property name="sim_time_ratio" value="33804.077058935734" /><property name="attachment" value="/Users/rwalters/GitHub/sg13cmos5l-protocol-emulator/.loom/worktrees/issue-18/verification/.klt/functional-verification/test_icarus.log" /></properties><system-out>[[ATTACHMENT|/Users/rwalters/GitHub/sg13cmos5l-protocol-emulator/.loom/worktrees/issue-18/verification/.klt/functional-verification/test_icarus.log]]
</system-out></testcase><testcase classname="test_protocol_emulator" name="test_wait_cycle_exact" time="0.010"><properties><property name="cocotb" value="True" /><property name="random_seed" value="1" /><property name="file" value="/Users/rwalters/GitHub/sg13cmos5l-protocol-emulator/.loom/worktrees/issue-18/verification/test_protocol_emulator.py" /><property name="line" value="394" /><property name="sim_time_unit" value="ns" /><property name="sim_time_start" value="11999.007" /><property name="sim_time_stop" value="13890.007" /><property name="sim_time_duration" value="1891.0" /><property name="sim_time_ratio" value="194091.38937976185" /><property name="attachment" value="/Users/rwalters/GitHub/sg13cmos5l-protocol-emulator/.loom/worktrees/issue-18/verification/.klt/functional-verification/test_icarus.log" /></properties><system-out>[[ATTACHMENT|/Users/rwalters/GitHub/sg13cmos5l-protocol-emulator/.loom/worktrees/issue-18/verification/.klt/functional-verification/test_icarus.log]]
</system-out></testcase><testcase classname="test_protocol_emulator" name="test_branches_taken_and_not_taken" time="0.012"><properties><property name="cocotb" value="True" /><property name="random_seed" value="1" /><property name="file" value="/Users/rwalters/GitHub/sg13cmos5l-protocol-emulator/.loom/worktrees/issue-18/verification/test_protocol_emulator.py" /><property name="line" value="427" /><property name="sim_time_unit" value="ns" /><property name="sim_time_start" value="13890.008" /><property name="sim_time_stop" value="16401.008" /><property name="sim_time_duration" value="2511.000000000002" /><property name="sim_time_ratio" value="206596.52542163522" /><property name="attachment" value="/Users/rwalters/GitHub/sg13cmos5l-protocol-emulator/.loom/worktrees/issue-18/verification/.klt/functional-verification/test_icarus.log" /></properties><system-out>[[ATTACHMENT|/Users/rwalters/GitHub/sg13cmos5l-protocol-emulator/.loom/worktrees/issue-18/verification/.klt/functional-verification/test_icarus.log]]
</system-out></testcase><testcase classname="test_protocol_emulator" name="test_bnz_taken_countdown_loop" time="0.008"><properties><property name="cocotb" value="True" /><property name="random_seed" value="1" /><property name="file" value="/Users/rwalters/GitHub/sg13cmos5l-protocol-emulator/.loom/worktrees/issue-18/verification/test_protocol_emulator.py" /><property name="line" value="468" /><property name="sim_time_unit" value="ns" /><property name="sim_time_start" value="16401.009" /><property name="sim_time_stop" value="17952.009" /><property name="sim_time_duration" value="1551.0" /><property name="sim_time_ratio" value="201048.87531621783" /><property name="attachment" value="/Users/rwalters/GitHub/sg13cmos5l-protocol-emulator/.loom/worktrees/issue-18/verification/.klt/functional-verification/test_icarus.log" /></properties><system-out>[[ATTACHMENT|/Users/rwalters/GitHub/sg13cmos5l-protocol-emulator/.loom/worktrees/issue-18/verification/.klt/functional-verification/test_icarus.log]]
</system-out></testcase><testcase classname="test_protocol_emulator" name="test_nop_costs_one_cycle" time="0.007"><properties><property name="cocotb" value="True" /><property name="random_seed" value="1" /><property name="file" value="/Users/rwalters/GitHub/sg13cmos5l-protocol-emulator/.loom/worktrees/issue-18/verification/test_protocol_emulator.py" /><property name="line" value="500" /><property name="sim_time_unit" value="ns" /><property name="sim_time_start" value="17952.01" /><property name="sim_time_stop" value="19443.01" /><property name="sim_time_duration" value="1491.0" /><property name="sim_time_ratio" value="201962.95499736475" /><property name="attachment" value="/Users/rwalters/GitHub/sg13cmos5l-protocol-emulator/.loom/worktrees/issue-18/verification/.klt/functional-verification/test_icarus.log" /></properties><system-out>[[ATTACHMENT|/Users/rwalters/GitHub/sg13cmos5l-protocol-emulator/.loom/worktrees/issue-18/verification/.klt/functional-verification/test_icarus.log]]
</system-out></testcase><testcase classname="test_protocol_emulator" name="test_latency_independent_of_data" time="0.014"><properties><property name="cocotb" value="True" /><property name="random_seed" value="1" /><property name="file" value="/Users/rwalters/GitHub/sg13cmos5l-protocol-emulator/.loom/worktrees/issue-18/verification/test_protocol_emulator.py" /><property name="line" value="519" /><property name="sim_time_unit" value="ns" /><property name="sim_time_start" value="19443.011" /><property name="sim_time_stop" value="22424.011" /><property name="sim_time_duration" value="2981.0" /><property name="sim_time_ratio" value="208910.76996353586" /><property name="attachment" value="/Users/rwalters/GitHub/sg13cmos5l-protocol-emulator/.loom/worktrees/issue-18/verification/.klt/functional-verification/test_icarus.log" /></properties><system-out>[[ATTACHMENT|/Users/rwalters/GitHub/sg13cmos5l-protocol-emulator/.loom/worktrees/issue-18/verification/.klt/functional-verification/test_icarus.log]]
</system-out></testcase></testsuite></testsuites>