<?xml version='1.0' encoding='utf-8'?>
<testsuites name="cocotb tests"><testsuite name="test_protocol_models" errors="0" failures="0" skipped="0" tests="9" time="0.063" timestamp="2026-09-22T01:45:07.118091+00:00" hostname="robb-pro"><testcase classname="test_protocol_models" name="test_recorded_seed_matches_request" time="0.001"><properties><property name="cocotb" value="True" /><property name="random_seed" value="20260922" /><property name="file" value="/Users/rwalters/GitHub/sg13cmos5l-protocol-emulator/.loom/worktrees/issue-25/verification/test_protocol_models.py" /><property name="line" value="64" /><property name="sim_time_unit" value="ns" /><property name="sim_time_start" value="0.0" /><property name="sim_time_stop" value="1.0" /><property name="sim_time_duration" value="1.0" /><property name="sim_time_ratio" value="1137.3872416620043" /><property name="attachment" value="/Users/rwalters/GitHub/sg13cmos5l-protocol-emulator/.loom/worktrees/issue-25/verification/.klt/functional-verification/test_icarus.log" /></properties><system-out>[[ATTACHMENT|/Users/rwalters/GitHub/sg13cmos5l-protocol-emulator/.loom/worktrees/issue-25/verification/.klt/functional-verification/test_icarus.log]]
</system-out></testcase><testcase classname="test_protocol_models" name="test_uart_random_legal_frames_round_trip_and_stay_in_budget" time="0.002"><properties><property name="cocotb" value="True" /><property name="random_seed" value="20260922" /><property name="file" value="/Users/rwalters/GitHub/sg13cmos5l-protocol-emulator/.loom/worktrees/issue-25/verification/test_protocol_models.py" /><property name="line" value="80" /><property name="sim_time_unit" value="ns" /><property name="sim_time_start" value="1.001" /><property name="sim_time_stop" value="2.001" /><property name="sim_time_duration" value="1.0" /><property name="sim_time_ratio" value="500.0835181929324" /><property name="attachment" value="/Users/rwalters/GitHub/sg13cmos5l-protocol-emulator/.loom/worktrees/issue-25/verification/.klt/functional-verification/test_icarus.log" /></properties><system-out>[[ATTACHMENT|/Users/rwalters/GitHub/sg13cmos5l-protocol-emulator/.loom/worktrees/issue-25/verification/.klt/functional-verification/test_icarus.log]]
</system-out></testcase><testcase classname="test_protocol_models" name="test_uart_negative_control_flags_drift_over_bound" time="0.000"><properties><property name="cocotb" value="True" /><property name="random_seed" value="20260922" /><property name="file" value="/Users/rwalters/GitHub/sg13cmos5l-protocol-emulator/.loom/worktrees/issue-25/verification/test_protocol_models.py" /><property name="line" value="107" /><property name="sim_time_unit" value="ns" /><property name="sim_time_start" value="2.002" /><property name="sim_time_stop" value="3.002" /><property name="sim_time_duration" value="1.0" /><property name="sim_time_ratio" value="10943.916259929545" /><property name="attachment" value="/Users/rwalters/GitHub/sg13cmos5l-protocol-emulator/.loom/worktrees/issue-25/verification/.klt/functional-verification/test_icarus.log" /></properties><system-out>[[ATTACHMENT|/Users/rwalters/GitHub/sg13cmos5l-protocol-emulator/.loom/worktrees/issue-25/verification/.klt/functional-verification/test_icarus.log]]
</system-out></testcase><testcase classname="test_protocol_models" name="test_spi_random_legal_traffic_passes_in_all_modes" time="0.029"><properties><property name="cocotb" value="True" /><property name="random_seed" value="20260922" /><property name="file" value="/Users/rwalters/GitHub/sg13cmos5l-protocol-emulator/.loom/worktrees/issue-25/verification/test_protocol_models.py" /><property name="line" value="123" /><property name="sim_time_unit" value="ns" /><property name="sim_time_start" value="3.003" /><property name="sim_time_stop" value="4.003" /><property name="sim_time_duration" value="1.0" /><property name="sim_time_ratio" value="34.519411079735136" /><property name="attachment" value="/Users/rwalters/GitHub/sg13cmos5l-protocol-emulator/.loom/worktrees/issue-25/verification/.klt/functional-verification/test_icarus.log" /></properties><system-out>[[ATTACHMENT|/Users/rwalters/GitHub/sg13cmos5l-protocol-emulator/.loom/worktrees/issue-25/verification/.klt/functional-verification/test_icarus.log]]
</system-out></testcase><testcase classname="test_protocol_models" name="test_spi_negative_control_flags_clock_ceiling_violation" time="0.000"><properties><property name="cocotb" value="True" /><property name="random_seed" value="20260922" /><property name="file" value="/Users/rwalters/GitHub/sg13cmos5l-protocol-emulator/.loom/worktrees/issue-25/verification/test_protocol_models.py" /><property name="line" value="152" /><property name="sim_time_unit" value="ns" /><property name="sim_time_start" value="4.004" /><property name="sim_time_stop" value="5.004" /><property name="sim_time_duration" value="1.0" /><property name="sim_time_ratio" value="3557.654883726131" /><property name="attachment" value="/Users/rwalters/GitHub/sg13cmos5l-protocol-emulator/.loom/worktrees/issue-25/verification/.klt/functional-verification/test_icarus.log" /></properties><system-out>[[ATTACHMENT|/Users/rwalters/GitHub/sg13cmos5l-protocol-emulator/.loom/worktrees/issue-25/verification/.klt/functional-verification/test_icarus.log]]
</system-out></testcase><testcase classname="test_protocol_models" name="test_spi_negative_control_wrong_mode_sampling_mismatches" time="0.000"><properties><property name="cocotb" value="True" /><property name="random_seed" value="20260922" /><property name="file" value="/Users/rwalters/GitHub/sg13cmos5l-protocol-emulator/.loom/worktrees/issue-25/verification/test_protocol_models.py" /><property name="line" value="167" /><property name="sim_time_unit" value="ns" /><property name="sim_time_start" value="5.005" /><property name="sim_time_stop" value="6.005" /><property name="sim_time_duration" value="1.0" /><property name="sim_time_ratio" value="3832.6363706129587" /><property name="attachment" value="/Users/rwalters/GitHub/sg13cmos5l-protocol-emulator/.loom/worktrees/issue-25/verification/.klt/functional-verification/test_icarus.log" /></properties><system-out>[[ATTACHMENT|/Users/rwalters/GitHub/sg13cmos5l-protocol-emulator/.loom/worktrees/issue-25/verification/.klt/functional-verification/test_icarus.log]]
</system-out></testcase><testcase classname="test_protocol_models" name="test_i2c_random_legal_traffic_meets_table10_minimums" time="0.030"><properties><property name="cocotb" value="True" /><property name="random_seed" value="20260922" /><property name="file" value="/Users/rwalters/GitHub/sg13cmos5l-protocol-emulator/.loom/worktrees/issue-25/verification/test_protocol_models.py" /><property name="line" value="182" /><property name="sim_time_unit" value="ns" /><property name="sim_time_start" value="6.006" /><property name="sim_time_stop" value="7.006" /><property name="sim_time_duration" value="1.0" /><property name="sim_time_ratio" value="33.12217947142826" /><property name="attachment" value="/Users/rwalters/GitHub/sg13cmos5l-protocol-emulator/.loom/worktrees/issue-25/verification/.klt/functional-verification/test_icarus.log" /></properties><system-out>[[ATTACHMENT|/Users/rwalters/GitHub/sg13cmos5l-protocol-emulator/.loom/worktrees/issue-25/verification/.klt/functional-verification/test_icarus.log]]
</system-out></testcase><testcase classname="test_protocol_models" name="test_i2c_clock_stretching_is_legal_and_reported" time="0.000"><properties><property name="cocotb" value="True" /><property name="random_seed" value="20260922" /><property name="file" value="/Users/rwalters/GitHub/sg13cmos5l-protocol-emulator/.loom/worktrees/issue-25/verification/test_protocol_models.py" /><property name="line" value="221" /><property name="sim_time_unit" value="ns" /><property name="sim_time_start" value="7.007" /><property name="sim_time_stop" value="8.007" /><property name="sim_time_duration" value="1.0" /><property name="sim_time_ratio" value="2559.449810043578" /><property name="attachment" value="/Users/rwalters/GitHub/sg13cmos5l-protocol-emulator/.loom/worktrees/issue-25/verification/.klt/functional-verification/test_icarus.log" /></properties><system-out>[[ATTACHMENT|/Users/rwalters/GitHub/sg13cmos5l-protocol-emulator/.loom/worktrees/issue-25/verification/.klt/functional-verification/test_icarus.log]]
</system-out></testcase><testcase classname="test_protocol_models" name="test_i2c_negative_control_flags_stop_setup_violation" time="0.000"><properties><property name="cocotb" value="True" /><property name="random_seed" value="20260922" /><property name="file" value="/Users/rwalters/GitHub/sg13cmos5l-protocol-emulator/.loom/worktrees/issue-25/verification/test_protocol_models.py" /><property name="line" value="240" /><property name="sim_time_unit" value="ns" /><property name="sim_time_start" value="8.008" /><property name="sim_time_stop" value="9.008" /><property name="sim_time_duration" value="1.0" /><property name="sim_time_ratio" value="4308.784490665442" /><property name="attachment" value="/Users/rwalters/GitHub/sg13cmos5l-protocol-emulator/.loom/worktrees/issue-25/verification/.klt/functional-verification/test_icarus.log" /></properties><system-out>[[ATTACHMENT|/Users/rwalters/GitHub/sg13cmos5l-protocol-emulator/.loom/worktrees/issue-25/verification/.klt/functional-verification/test_icarus.log]]
</system-out></testcase></testsuite></testsuites>