<?xml version='1.0' encoding='utf-8'?>
<testsuites name="cocotb tests"><testsuite name="test_protocol_emulator" errors="0" failures="0" skipped="0" tests="3" time="0.068" timestamp="2026-09-22T01:16:43.559626+00:00" hostname="robb-pro"><testcase classname="test_protocol_emulator" name="test_reset_clears_output" time="0.062"><properties><property name="cocotb" value="True" /><property name="random_seed" value="1" /><property name="file" value="/Users/rwalters/GitHub/sg13cmos5l-protocol-emulator/.loom/worktrees/issue-26/verification/test_protocol_emulator.py" /><property name="line" value="45" /><property name="sim_time_unit" value="ns" /><property name="sim_time_start" value="0.0" /><property name="sim_time_stop" value="110.0" /><property name="sim_time_duration" value="110.0" /><property name="sim_time_ratio" value="1766.3281748764646" /><property name="attachment" value="/Users/rwalters/GitHub/sg13cmos5l-protocol-emulator/.loom/worktrees/issue-26/flow/post-layout-sdf/nom_fast_1p32V_m40C/.klt/functional-verification/test_icarus.log" /></properties><system-out>[[ATTACHMENT|/Users/rwalters/GitHub/sg13cmos5l-protocol-emulator/.loom/worktrees/issue-26/flow/post-layout-sdf/nom_fast_1p32V_m40C/.klt/functional-verification/test_icarus.log]]
</system-out></testcase><testcase classname="test_protocol_emulator" name="test_pin_through" time="0.003"><properties><property name="cocotb" value="True" /><property name="random_seed" value="1" /><property name="file" value="/Users/rwalters/GitHub/sg13cmos5l-protocol-emulator/.loom/worktrees/issue-26/verification/test_protocol_emulator.py" /><property name="line" value="56" /><property name="sim_time_unit" value="ns" /><property name="sim_time_start" value="110.001" /><property name="sim_time_stop" value="310.001" /><property name="sim_time_duration" value="199.99999999999997" /><property name="sim_time_ratio" value="70300.84503445862" /><property name="attachment" value="/Users/rwalters/GitHub/sg13cmos5l-protocol-emulator/.loom/worktrees/issue-26/flow/post-layout-sdf/nom_fast_1p32V_m40C/.klt/functional-verification/test_icarus.log" /></properties><system-out>[[ATTACHMENT|/Users/rwalters/GitHub/sg13cmos5l-protocol-emulator/.loom/worktrees/issue-26/flow/post-layout-sdf/nom_fast_1p32V_m40C/.klt/functional-verification/test_icarus.log]]
</system-out></testcase><testcase classname="test_protocol_emulator" name="test_ena_gates_updates" time="0.003"><properties><property name="cocotb" value="True" /><property name="random_seed" value="1" /><property name="file" value="/Users/rwalters/GitHub/sg13cmos5l-protocol-emulator/.loom/worktrees/issue-26/verification/test_protocol_emulator.py" /><property name="line" value="70" /><property name="sim_time_unit" value="ns" /><property name="sim_time_start" value="310.002" /><property name="sim_time_stop" value="500.002" /><property name="sim_time_duration" value="190.0" /><property name="sim_time_ratio" value="68051.57559318599" /><property name="attachment" value="/Users/rwalters/GitHub/sg13cmos5l-protocol-emulator/.loom/worktrees/issue-26/flow/post-layout-sdf/nom_fast_1p32V_m40C/.klt/functional-verification/test_icarus.log" /></properties><system-out>[[ATTACHMENT|/Users/rwalters/GitHub/sg13cmos5l-protocol-emulator/.loom/worktrees/issue-26/flow/post-layout-sdf/nom_fast_1p32V_m40C/.klt/functional-verification/test_icarus.log]]
</system-out></testcase></testsuite></testsuites>