<?xml version='1.0' encoding='utf-8'?>
<testsuites name="cocotb tests"><testsuite name="test_firmware_roundtrip" errors="0" failures="0" skipped="0" tests="3" time="0.033" timestamp="2026-09-22T01:21:54.984118+00:00" hostname="robb-pro"><testcase classname="test_firmware_roundtrip" name="test_committed_image_is_fresh" time="0.002"><properties><property name="cocotb" value="True" /><property name="random_seed" value="1" /><property name="file" value="/Users/rwalters/GitHub/sg13cmos5l-protocol-emulator/.loom/worktrees/issue-22/verification/test_firmware_roundtrip.py" /><property name="line" value="161" /><property name="sim_time_unit" value="ns" /><property name="sim_time_start" value="0.0" /><property name="sim_time_stop" value="0.0" /><property name="sim_time_duration" value="0.0" /><property name="sim_time_ratio" value="0.0" /><property name="attachment" value="/Users/rwalters/GitHub/sg13cmos5l-protocol-emulator/.loom/worktrees/issue-22/verification/.klt/functional-verification/test_icarus.log" /></properties><system-out>[[ATTACHMENT|/Users/rwalters/GitHub/sg13cmos5l-protocol-emulator/.loom/worktrees/issue-22/verification/.klt/functional-verification/test_icarus.log]]
</system-out></testcase><testcase classname="test_firmware_roundtrip" name="test_assembled_program_loads_through_program_memory" time="0.029"><properties><property name="cocotb" value="True" /><property name="random_seed" value="1" /><property name="file" value="/Users/rwalters/GitHub/sg13cmos5l-protocol-emulator/.loom/worktrees/issue-22/verification/test_firmware_roundtrip.py" /><property name="line" value="173" /><property name="sim_time_unit" value="ns" /><property name="sim_time_start" value="0.001" /><property name="sim_time_stop" value="4467.001" /><property name="sim_time_duration" value="4467.0" /><property name="sim_time_ratio" value="152406.18555985304" /><property name="attachment" value="/Users/rwalters/GitHub/sg13cmos5l-protocol-emulator/.loom/worktrees/issue-22/verification/.klt/functional-verification/test_icarus.log" /></properties><system-out>[[ATTACHMENT|/Users/rwalters/GitHub/sg13cmos5l-protocol-emulator/.loom/worktrees/issue-22/verification/.klt/functional-verification/test_icarus.log]]
</system-out></testcase><testcase classname="test_firmware_roundtrip" name="test_cycle_report_cross_checks_against_image" time="0.002"><properties><property name="cocotb" value="True" /><property name="random_seed" value="1" /><property name="file" value="/Users/rwalters/GitHub/sg13cmos5l-protocol-emulator/.loom/worktrees/issue-22/verification/test_firmware_roundtrip.py" /><property name="line" value="213" /><property name="sim_time_unit" value="ns" /><property name="sim_time_start" value="4467.002" /><property name="sim_time_stop" value="4467.002" /><property name="sim_time_duration" value="0.0" /><property name="sim_time_ratio" value="0.0" /><property name="attachment" value="/Users/rwalters/GitHub/sg13cmos5l-protocol-emulator/.loom/worktrees/issue-22/verification/.klt/functional-verification/test_icarus.log" /></properties><system-out>[[ATTACHMENT|/Users/rwalters/GitHub/sg13cmos5l-protocol-emulator/.loom/worktrees/issue-22/verification/.klt/functional-verification/test_icarus.log]]
</system-out></testcase></testsuite></testsuites>