<?xml version='1.0' encoding='utf-8'?>
<testsuites name="cocotb tests"><testsuite name="test_program_memory" errors="0" failures="0" skipped="0" tests="6" time="0.383" timestamp="2026-09-21T18:59:11.682727+00:00" hostname="robb-pro"><testcase classname="test_program_memory" name="test_mode_low_at_release_enters_immediate_run" time="0.003"><properties><property name="cocotb" value="True" /><property name="random_seed" value="1" /><property name="file" value="/Users/rwalters/GitHub/sg13cmos5l-protocol-emulator/.loom/worktrees/issue-19/verification/test_program_memory.py" /><property name="line" value="133" /><property name="sim_time_unit" value="ns" /><property name="sim_time_start" value="0.0" /><property name="sim_time_stop" value="510.0" /><property name="sim_time_duration" value="510.0" /><property name="sim_time_ratio" value="202857.26472894035" /><property name="attachment" value="/Users/rwalters/GitHub/sg13cmos5l-protocol-emulator/.loom/worktrees/issue-19/verification/.klt/functional-verification/test_icarus.log" /></properties><system-out>[[ATTACHMENT|/Users/rwalters/GitHub/sg13cmos5l-protocol-emulator/.loom/worktrees/issue-19/verification/.klt/functional-verification/test_icarus.log]]
</system-out></testcase><testcase classname="test_program_memory" name="test_single_word_bit_order_and_boundary_commit" time="0.001"><properties><property name="cocotb" value="True" /><property name="random_seed" value="1" /><property name="file" value="/Users/rwalters/GitHub/sg13cmos5l-protocol-emulator/.loom/worktrees/issue-19/verification/test_program_memory.py" /><property name="line" value="153" /><property name="sim_time_unit" value="ns" /><property name="sim_time_start" value="510.001" /><property name="sim_time_stop" value="792.001" /><property name="sim_time_duration" value="282.0" /><property name="sim_time_ratio" value="193128.7254353428" /><property name="attachment" value="/Users/rwalters/GitHub/sg13cmos5l-protocol-emulator/.loom/worktrees/issue-19/verification/.klt/functional-verification/test_icarus.log" /></properties><system-out>[[ATTACHMENT|/Users/rwalters/GitHub/sg13cmos5l-protocol-emulator/.loom/worktrees/issue-19/verification/.klt/functional-verification/test_icarus.log]]
</system-out></testcase><testcase classname="test_program_memory" name="test_full_program_load_and_fetch" time="0.183"><properties><property name="cocotb" value="True" /><property name="random_seed" value="1" /><property name="file" value="/Users/rwalters/GitHub/sg13cmos5l-protocol-emulator/.loom/worktrees/issue-19/verification/test_program_memory.py" /><property name="line" value="184" /><property name="sim_time_unit" value="ns" /><property name="sim_time_start" value="792.002" /><property name="sim_time_stop" value="42138.002" /><property name="sim_time_duration" value="41346.0" /><property name="sim_time_ratio" value="226226.48091329727" /><property name="attachment" value="/Users/rwalters/GitHub/sg13cmos5l-protocol-emulator/.loom/worktrees/issue-19/verification/.klt/functional-verification/test_icarus.log" /></properties><system-out>[[ATTACHMENT|/Users/rwalters/GitHub/sg13cmos5l-protocol-emulator/.loom/worktrees/issue-19/verification/.klt/functional-verification/test_icarus.log]]
</system-out></testcase><testcase classname="test_program_memory" name="test_partial_word_discarded_and_writer_realigns" time="0.004"><properties><property name="cocotb" value="True" /><property name="random_seed" value="1" /><property name="file" value="/Users/rwalters/GitHub/sg13cmos5l-protocol-emulator/.loom/worktrees/issue-19/verification/test_program_memory.py" /><property name="line" value="218" /><property name="sim_time_unit" value="ns" /><property name="sim_time_start" value="42138.003" /><property name="sim_time_stop" value="42920.003" /><property name="sim_time_duration" value="782.0" /><property name="sim_time_ratio" value="222934.930279875" /><property name="attachment" value="/Users/rwalters/GitHub/sg13cmos5l-protocol-emulator/.loom/worktrees/issue-19/verification/.klt/functional-verification/test_icarus.log" /></properties><system-out>[[ATTACHMENT|/Users/rwalters/GitHub/sg13cmos5l-protocol-emulator/.loom/worktrees/issue-19/verification/.klt/functional-verification/test_icarus.log]]
</system-out></testcase><testcase classname="test_program_memory" name="test_no_midrun_reentry_without_reset" time="0.004"><properties><property name="cocotb" value="True" /><property name="random_seed" value="1" /><property name="file" value="/Users/rwalters/GitHub/sg13cmos5l-protocol-emulator/.loom/worktrees/issue-19/verification/test_program_memory.py" /><property name="line" value="249" /><property name="sim_time_unit" value="ns" /><property name="sim_time_start" value="42920.004" /><property name="sim_time_stop" value="43871.004" /><property name="sim_time_duration" value="951.0" /><property name="sim_time_ratio" value="235226.1999167396" /><property name="attachment" value="/Users/rwalters/GitHub/sg13cmos5l-protocol-emulator/.loom/worktrees/issue-19/verification/.klt/functional-verification/test_icarus.log" /></properties><system-out>[[ATTACHMENT|/Users/rwalters/GitHub/sg13cmos5l-protocol-emulator/.loom/worktrees/issue-19/verification/.klt/functional-verification/test_icarus.log]]
</system-out></testcase><testcase classname="test_program_memory" name="test_saturation_at_256_words_no_wraparound" time="0.188"><properties><property name="cocotb" value="True" /><property name="random_seed" value="1" /><property name="file" value="/Users/rwalters/GitHub/sg13cmos5l-protocol-emulator/.loom/worktrees/issue-19/verification/test_program_memory.py" /><property name="line" value="282" /><property name="sim_time_unit" value="ns" /><property name="sim_time_start" value="43871.005" /><property name="sim_time_stop" value="92257.005" /><property name="sim_time_duration" value="48386.00000000001" /><property name="sim_time_ratio" value="256950.98046496994" /><property name="attachment" value="/Users/rwalters/GitHub/sg13cmos5l-protocol-emulator/.loom/worktrees/issue-19/verification/.klt/functional-verification/test_icarus.log" /></properties><system-out>[[ATTACHMENT|/Users/rwalters/GitHub/sg13cmos5l-protocol-emulator/.loom/worktrees/issue-19/verification/.klt/functional-verification/test_icarus.log]]
</system-out></testcase></testsuite></testsuites>